<?xml version="1.0" encoding="UTF-8"?>
<testng-results skipped="0" failed="0" total="1" passed="1">
  <reporter-output>
  </reporter-output>
  <suite name="Default suite" duration-ms="48311" started-at="2017-07-16T03:08:35Z" finished-at="2017-07-16T03:09:24Z">
    <groups>
    </groups>
    <test name="Default test" duration-ms="48311" started-at="2017-07-16T03:08:35Z" finished-at="2017-07-16T03:09:24Z">
      <class name="com.testjavamaven.LaunchBrowser">
        <test-method status="PASS" signature="launchBrowser()[pri:0, instance:com.testjavamaven.LaunchBrowser@1810399e]" name="launchBrowser" duration-ms="48264" started-at="2017-07-16T08:38:35Z" finished-at="2017-07-16T08:39:24Z">
          <reporter-output>
          </reporter-output>
        </test-method> <!-- launchBrowser -->
      </class> <!-- com.testjavamaven.LaunchBrowser -->
    </test> <!-- Default test -->
  </suite> <!-- Default suite -->
</testng-results>
